<?xml version="1.0" encoding="utf-8"?><testsuites name="pytest tests"><testsuite name="pytest" errors="0" failures="0" skipped="0" tests="9" time="7.128" timestamp="2026-09-21T18:00:56.844935+00:00" hostname="agent-env-0e5d0892-5e0d-4242-bec9-d83951b8ec0e"><testcase classname="tests.test_ai_costs" name="test_get_settings_pricing_defaults" time="0.540" /><testcase classname="tests.test_ai_costs" name="test_put_settings_pricing_persists" time="0.332" /><testcase classname="tests.test_ai_costs" name="test_generate_first_stage_copy" time="3.013" /><testcase classname="tests.test_ai_costs" name="test_generate_second_stage_refacao_texto" time="0.000" /><testcase classname="tests.test_ai_costs" name="test_save_piece_returns_cost_fields" time="0.178" /><testcase classname="tests.test_ai_costs" name="test_list_pieces_has_billable" time="2.407" /><testcase classname="tests.test_ai_costs" name="test_dashboard_kpis_ai" time="0.087" /><testcase classname="tests.test_ai_costs" name="test_reports_costs" time="0.090" /><testcase classname="tests.test_ai_costs" name="test_cleanup_pieces" time="0.087" /></testsuite></testsuites>