<?xml version="1.0" encoding="utf-8"?><testsuites name="pytest tests"><testsuite name="pytest" errors="0" failures="0" skipped="0" tests="28" time="7.543" timestamp="2026-09-16T17:39:48.977270+00:00" hostname="agent-env-0e5d0892-5e0d-4242-bec9-d83951b8ec0e"><testcase classname="tests.backend_test.TestAuth" name="test_login_success" time="0.757" /><testcase classname="tests.backend_test.TestAuth" name="test_login_wrong_password" time="0.413" /><testcase classname="tests.backend_test.TestPieces" name="test_list_pieces" time="0.842" /><testcase classname="tests.backend_test.TestPieces" name="test_save_and_approve_piece" time="0.406" /><testcase classname="tests.backend_test.TestPieces" name="test_generate_piece_stream" time="2.798" /><testcase classname="tests.backend_test.TestAuth" name="test_register_and_me" time="0.865" /><testcase classname="tests.backend_test.TestAuth" name="test_forgot_password_generic_response" time="0.435" /><testcase classname="tests.backend_test.TestAuth" name="test_refresh_endpoint" time="0.087" /><testcase classname="tests.backend_test.TestAuth" name="test_unauth_access_blocked" time="0.195" /><testcase classname="tests.backend_test.TestBible" name="test_list_docs" time="0.092" /><testcase classname="tests.backend_test.TestBible" name="test_create_doc" time="0.165" /><testcase classname="tests.backend_test.TestBible" name="test_bible_ask_stream" time="1.202" /><testcase classname="tests.backend_test.TestPieces" name="test_generate_piece_invalid_model" time="0.126" /><testcase classname="tests.backend_test.TestSettings" name="test_get_settings" time="0.074" /><testcase classname="tests.backend_test.TestCampaigns" name="test_list" time="0.143" /><testcase classname="tests.backend_test.TestSettings" name="test_update_settings" time="0.074" /><testcase classname="tests.backend_test.TestSettings" name="test_update_invalid_model" time="0.107" /><testcase classname="tests.backend_test.TestCampaigns" name="test_sync_and_toggle_status" time="0.333" /><testcase classname="tests.backend_test.TestSettings" name="test_admin_users" time="0.072" /><testcase classname="tests.backend_test.TestLogs" name="test_list_logs" time="0.073" /><testcase classname="tests.backend_test.TestLogs" name="test_alert_rules" time="0.072" /><testcase classname="tests.backend_test.TestLogs" name="test_create_delete_rule" time="0.194" /><testcase classname="tests.backend_test.TestCampaigns" name="test_create_campaign" time="0.157" /><testcase classname="tests.backend_test.TestPayments" name="test_list_plans" time="0.875" /><testcase classname="tests.backend_test.TestClients" name="test_list_seeded" time="0.080" /><testcase classname="tests.backend_test.TestClients" name="test_create_get_update_delete" time="2.038" /><testcase classname="tests.backend_test.TestPayments" name="test_checkout_creation" time="1.209" /><testcase classname="tests.backend_test.TestDashboard" name="test_dashboard_kpis" time="0.074" /></testsuite></testsuites>